[2024-07-03 10:16:53,811: INFO: main: Welcome to our custom log]
[2024-07-03 11:59:15,357: INFO: common: yaml file: config\config.yaml loaded successfully]
[2024-07-03 11:59:15,362: INFO: common: yaml file: params.yaml loaded successfully]
[2024-07-03 11:59:15,363: INFO: common: created directory at: artifacts]
[2024-07-03 11:59:15,365: INFO: common: created directory at: artifacts/data_ingestion]
[2024-07-03 11:59:15,366: INFO: 986331348: Downloading data from https://drive.google.com/file/d/1vlhZ5c7abUKF8xXERIw6m9Te8fW7ohw3/view?usp=sharing into file artifacts/data_ingestion/data.zip]
[2024-07-03 11:59:29,899: INFO: 986331348: Downloaded data from https://drive.google.com/file/d/1vlhZ5c7abUKF8xXERIw6m9Te8fW7ohw3/view?usp=sharing into file artifacts/data_ingestion/data.zip]
[2024-07-03 12:16:57,849: INFO: main: >>>>>> stage Data Ingestion Stage started <<<<<<]
[2024-07-03 12:16:57,852: INFO: common: yaml file: config\config.yaml loaded successfully]
[2024-07-03 12:16:57,852: INFO: common: yaml file: params.yaml loaded successfully]
[2024-07-03 12:16:57,853: INFO: common: created directory at: artifacts]
[2024-07-03 12:16:57,853: INFO: common: created directory at: artifacts/data_ingestion]
[2024-07-03 12:16:57,853: INFO: data_ingestion: Downloading data from https://drive.google.com/file/d/1vlhZ5c7abUKF8xXERIw6m9Te8fW7ohw3/view?usp=sharing into file artifacts/data_ingestion/data.zip]
[2024-07-03 12:17:09,729: INFO: data_ingestion: Downloaded data from https://drive.google.com/file/d/1vlhZ5c7abUKF8xXERIw6m9Te8fW7ohw3/view?usp=sharing into file artifacts/data_ingestion/data.zip]
[2024-07-03 12:17:10,268: INFO: main: >>>>>> stage Data Ingestion Stage completed <<<<<<

x==========x]
[2024-07-03 13:57:20,895: INFO: common: yaml file: config\config.yaml loaded successfully]
[2024-07-03 13:57:20,906: INFO: common: yaml file: params.yaml loaded successfully]
[2024-07-03 13:57:20,908: INFO: common: created directory at: artifacts]
[2024-07-03 13:57:20,910: INFO: common: created directory at: artifacts/prepare_base_model]
[2024-07-03 13:57:21,462: WARNING: saving_utils: Compiled the loaded model, but the compiled metrics have yet to be built. `model.compile_metrics` will be empty until you train or evaluate the model.]
[2024-07-03 14:07:45,163: INFO: main: >>>>>> stage Data Ingestion Stage started <<<<<<]
[2024-07-03 14:07:45,165: INFO: common: yaml file: config\config.yaml loaded successfully]
[2024-07-03 14:07:45,167: INFO: common: yaml file: params.yaml loaded successfully]
[2024-07-03 14:07:45,167: INFO: common: created directory at: artifacts]
[2024-07-03 14:07:45,168: INFO: common: created directory at: artifacts/data_ingestion]
[2024-07-03 14:07:45,169: INFO: data_ingestion: Downloading data from https://drive.google.com/file/d/1vlhZ5c7abUKF8xXERIw6m9Te8fW7ohw3/view?usp=sharing into file artifacts/data_ingestion/data.zip]
[2024-07-03 14:07:55,875: INFO: data_ingestion: Downloaded data from https://drive.google.com/file/d/1vlhZ5c7abUKF8xXERIw6m9Te8fW7ohw3/view?usp=sharing into file artifacts/data_ingestion/data.zip]
[2024-07-03 14:07:56,601: INFO: main: >>>>>> stage Data Ingestion Stage completed <<<<<<

x==========x]
[2024-07-03 14:07:56,602: INFO: main: *******************]
[2024-07-03 14:07:56,602: INFO: main: >>>>>> stage Prepare base model started <<<<<<]
[2024-07-03 14:07:56,604: INFO: common: yaml file: config\config.yaml loaded successfully]
[2024-07-03 14:07:56,606: INFO: common: yaml file: params.yaml loaded successfully]
[2024-07-03 14:07:56,606: INFO: common: created directory at: artifacts]
[2024-07-03 14:07:56,607: INFO: common: created directory at: artifacts/prepare_base_model]
[2024-07-03 14:07:57,034: WARNING: saving_utils: Compiled the loaded model, but the compiled metrics have yet to be built. `model.compile_metrics` will be empty until you train or evaluate the model.]
[2024-07-03 14:07:57,389: INFO: main: >>>>>> stage Prepare base model completed <<<<<<

x==========x]
[2024-07-03 14:46:48,308: INFO: main: >>>>>> stage Data Ingestion Stage started <<<<<<]
[2024-07-03 14:46:48,312: INFO: common: yaml file: config\config.yaml loaded successfully]
[2024-07-03 14:46:48,316: INFO: common: yaml file: params.yaml loaded successfully]
[2024-07-03 14:46:48,317: INFO: common: created directory at: artifacts]
[2024-07-03 14:46:48,415: INFO: common: created directory at: artifacts/data_ingestion]
[2024-07-03 14:46:48,416: INFO: data_ingestion: Downloading data from https://drive.google.com/file/d/1vlhZ5c7abUKF8xXERIw6m9Te8fW7ohw3/view?usp=sharing into file artifacts/data_ingestion/data.zip]
[2024-07-03 14:46:58,111: INFO: data_ingestion: Downloaded data from https://drive.google.com/file/d/1vlhZ5c7abUKF8xXERIw6m9Te8fW7ohw3/view?usp=sharing into file artifacts/data_ingestion/data.zip]
[2024-07-03 14:46:58,932: INFO: main: >>>>>> stage Data Ingestion Stage completed <<<<<<

x==========x]
[2024-07-03 14:46:58,933: INFO: main: *******************]
[2024-07-03 14:46:58,933: INFO: main: >>>>>> stage Prepare base model started <<<<<<]
[2024-07-03 14:46:58,937: INFO: common: yaml file: config\config.yaml loaded successfully]
[2024-07-03 14:46:58,939: INFO: common: yaml file: params.yaml loaded successfully]
[2024-07-03 14:46:58,940: INFO: common: created directory at: artifacts]
[2024-07-03 14:46:58,941: INFO: common: created directory at: artifacts/prepare_base_model]
[2024-07-03 14:46:59,478: WARNING: saving_utils: Compiled the loaded model, but the compiled metrics have yet to be built. `model.compile_metrics` will be empty until you train or evaluate the model.]
[2024-07-03 14:46:59,776: INFO: main: >>>>>> stage Prepare base model completed <<<<<<

x==========x]
[2024-07-03 14:48:29,228: INFO: main: >>>>>> stage Data Ingestion Stage started <<<<<<]
[2024-07-03 14:48:29,230: INFO: common: yaml file: config\config.yaml loaded successfully]
[2024-07-03 14:48:29,232: INFO: common: yaml file: params.yaml loaded successfully]
[2024-07-03 14:48:29,233: INFO: common: created directory at: artifacts]
[2024-07-03 14:48:29,234: INFO: common: created directory at: artifacts/data_ingestion]
[2024-07-03 14:48:29,234: INFO: data_ingestion: Downloading data from https://drive.google.com/file/d/1vlhZ5c7abUKF8xXERIw6m9Te8fW7ohw3/view?usp=sharing into file artifacts/data_ingestion/data.zip]
[2024-07-03 14:48:38,309: INFO: data_ingestion: Downloaded data from https://drive.google.com/file/d/1vlhZ5c7abUKF8xXERIw6m9Te8fW7ohw3/view?usp=sharing into file artifacts/data_ingestion/data.zip]
[2024-07-03 14:48:38,812: INFO: main: >>>>>> stage Data Ingestion Stage completed <<<<<<

x==========x]
[2024-07-03 14:48:38,812: INFO: main: *******************]
[2024-07-03 14:48:38,812: INFO: main: >>>>>> stage Prepare base model started <<<<<<]
[2024-07-03 14:48:38,815: INFO: common: yaml file: config\config.yaml loaded successfully]
[2024-07-03 14:48:38,816: INFO: common: yaml file: params.yaml loaded successfully]
[2024-07-03 14:48:38,816: INFO: common: created directory at: artifacts]
[2024-07-03 14:48:38,817: INFO: common: created directory at: artifacts/prepare_base_model]
[2024-07-03 14:48:39,173: WARNING: saving_utils: Compiled the loaded model, but the compiled metrics have yet to be built. `model.compile_metrics` will be empty until you train or evaluate the model.]
[2024-07-03 14:48:39,515: INFO: main: >>>>>> stage Prepare base model completed <<<<<<

x==========x]
[2024-07-03 14:48:39,515: INFO: main: *******************]
[2024-07-03 14:48:39,516: INFO: main: >>>>>> stage Training started <<<<<<]
[2024-07-03 14:48:39,516: ERROR: main: name 'ModelTrainingPipeline' is not defined]
Traceback (most recent call last):
  File "main.py", line 32, in <module>
    model_trainer = ModelTrainingPipeline()
NameError: name 'ModelTrainingPipeline' is not defined
[2024-07-03 14:49:18,030: INFO: main: >>>>>> stage Data Ingestion Stage started <<<<<<]
[2024-07-03 14:49:18,034: INFO: common: yaml file: config\config.yaml loaded successfully]
[2024-07-03 14:49:18,038: INFO: common: yaml file: params.yaml loaded successfully]
[2024-07-03 14:49:18,039: INFO: common: created directory at: artifacts]
[2024-07-03 14:49:18,040: INFO: common: created directory at: artifacts/data_ingestion]
[2024-07-03 14:49:18,040: INFO: data_ingestion: Downloading data from https://drive.google.com/file/d/1vlhZ5c7abUKF8xXERIw6m9Te8fW7ohw3/view?usp=sharing into file artifacts/data_ingestion/data.zip]
[2024-07-03 14:49:26,797: INFO: data_ingestion: Downloaded data from https://drive.google.com/file/d/1vlhZ5c7abUKF8xXERIw6m9Te8fW7ohw3/view?usp=sharing into file artifacts/data_ingestion/data.zip]
[2024-07-03 14:49:27,341: INFO: main: >>>>>> stage Data Ingestion Stage completed <<<<<<

x==========x]
[2024-07-03 14:49:27,341: INFO: main: *******************]
[2024-07-03 14:49:27,342: INFO: main: >>>>>> stage Prepare base model started <<<<<<]
[2024-07-03 14:49:27,343: INFO: common: yaml file: config\config.yaml loaded successfully]
[2024-07-03 14:49:27,344: INFO: common: yaml file: params.yaml loaded successfully]
[2024-07-03 14:49:27,345: INFO: common: created directory at: artifacts]
[2024-07-03 14:49:27,345: INFO: common: created directory at: artifacts/prepare_base_model]
[2024-07-03 14:49:27,700: WARNING: saving_utils: Compiled the loaded model, but the compiled metrics have yet to be built. `model.compile_metrics` will be empty until you train or evaluate the model.]
[2024-07-03 14:49:27,971: INFO: main: >>>>>> stage Prepare base model completed <<<<<<

x==========x]
[2024-07-03 14:49:27,972: INFO: main: *******************]
[2024-07-03 14:49:27,973: INFO: main: >>>>>> stage Training started <<<<<<]
[2024-07-03 14:49:27,975: INFO: common: yaml file: config\config.yaml loaded successfully]
[2024-07-03 14:49:27,977: INFO: common: yaml file: params.yaml loaded successfully]
[2024-07-03 14:49:27,978: INFO: common: created directory at: artifacts]
[2024-07-03 14:49:27,978: ERROR: main: 'ConfigurationManager' object has no attribute 'get_training_config']
Traceback (most recent call last):
  File "main.py", line 33, in <module>
    model_trainer.main()
  File "d:\developments\python\kidney_diagnosis\kidney-disease-classification\src\cnnClassifier\pipeline\stage_03_model_training.py", line 17, in main
    training_config = config.get_training_config()
AttributeError: 'ConfigurationManager' object has no attribute 'get_training_config'
[2024-07-03 14:50:57,790: INFO: main: >>>>>> stage Data Ingestion Stage started <<<<<<]
[2024-07-03 14:50:57,793: INFO: common: yaml file: config\config.yaml loaded successfully]
[2024-07-03 14:50:57,794: INFO: common: yaml file: params.yaml loaded successfully]
[2024-07-03 14:50:57,795: INFO: common: created directory at: artifacts]
[2024-07-03 14:50:57,796: INFO: common: created directory at: artifacts/data_ingestion]
[2024-07-03 14:50:57,796: INFO: data_ingestion: Downloading data from https://drive.google.com/file/d/1vlhZ5c7abUKF8xXERIw6m9Te8fW7ohw3/view?usp=sharing into file artifacts/data_ingestion/data.zip]
[2024-07-03 14:51:07,883: INFO: data_ingestion: Downloaded data from https://drive.google.com/file/d/1vlhZ5c7abUKF8xXERIw6m9Te8fW7ohw3/view?usp=sharing into file artifacts/data_ingestion/data.zip]
[2024-07-03 14:51:08,670: INFO: main: >>>>>> stage Data Ingestion Stage completed <<<<<<

x==========x]
[2024-07-03 14:51:08,670: INFO: main: *******************]
[2024-07-03 14:51:08,670: INFO: main: >>>>>> stage Prepare base model started <<<<<<]
[2024-07-03 14:51:08,673: INFO: common: yaml file: config\config.yaml loaded successfully]
[2024-07-03 14:51:08,674: INFO: common: yaml file: params.yaml loaded successfully]
[2024-07-03 14:51:08,675: INFO: common: created directory at: artifacts]
[2024-07-03 14:51:08,675: INFO: common: created directory at: artifacts/prepare_base_model]
[2024-07-03 14:51:09,060: WARNING: saving_utils: Compiled the loaded model, but the compiled metrics have yet to be built. `model.compile_metrics` will be empty until you train or evaluate the model.]
[2024-07-03 14:51:09,329: INFO: main: >>>>>> stage Prepare base model completed <<<<<<

x==========x]
[2024-07-03 14:51:09,329: INFO: main: *******************]
[2024-07-03 14:51:09,329: INFO: main: >>>>>> stage Training started <<<<<<]
[2024-07-03 14:51:09,332: INFO: common: yaml file: config\config.yaml loaded successfully]
[2024-07-03 14:51:09,334: INFO: common: yaml file: params.yaml loaded successfully]
[2024-07-03 14:51:09,335: INFO: common: created directory at: artifacts]
[2024-07-03 14:51:09,335: ERROR: main: 'ConfigurationManager' object has no attribute 'get_training_config']
Traceback (most recent call last):
  File "main.py", line 33, in <module>
    model_trainer.main()
  File "d:\developments\python\kidney_diagnosis\kidney-disease-classification\src\cnnClassifier\pipeline\stage_03_model_training.py", line 17, in main
    training_config = config.get_training_config()
AttributeError: 'ConfigurationManager' object has no attribute 'get_training_config'
